2013-01-29 16:53:53	Rates	111210: The requested service is unavailable between the selected locations.	3798
2013-01-29 16:53:55	Rates	111210: The requested service is unavailable between the selected locations.	3798
2013-01-29 17:03:21	Rates	111210: The requested service is unavailable between the selected locations.	3798
2013-01-29 17:03:48	Rates	111210: The requested service is unavailable between the selected locations.	3798
2013-01-29 17:03:54	Rates	111210: The requested service is unavailable between the selected locations.	3798
2013-01-30 03:13:38	Rates	111210: The requested service is unavailable between the selected locations.	3799
2013-01-30 03:13:40	Rates	111210: The requested service is unavailable between the selected locations.	3799
2013-01-30 03:19:02	Rates	111210: The requested service is unavailable between the selected locations.	3799
2013-01-30 17:30:41	Rates	111210: The requested service is unavailable between the selected locations.	3801
2013-01-30 17:30:43	Rates	111210: The requested service is unavailable between the selected locations.	3801
2013-01-30 17:31:31	Rates	111210: The requested service is unavailable between the selected locations.	3801
2013-01-31 17:49:51	Rates	111210: The requested service is unavailable between the selected locations.	3799
2013-01-31 17:49:53	Rates	111210: The requested service is unavailable between the selected locations.	3799
2013-01-31 20:13:50	Rates	111286: Trinity Palmetto Point is not a valid state for the specified shipment.	3808
2013-02-01 20:25:22	Rates	111210: The requested service is unavailable between the selected locations.	3812
2013-02-01 20:25:24	Rates	111210: The requested service is unavailable between the selected locations.	3812
2013-02-02 17:13:46	Rates	111210: The requested service is unavailable between the selected locations.	3814
2013-02-02 17:13:47	Rates	111210: The requested service is unavailable between the selected locations.	3814
2013-02-03 09:11:48	Rates	111210: The requested service is unavailable between the selected locations.	3813
2013-02-03 09:11:51	Rates	111210: The requested service is unavailable between the selected locations.	3813
2013-02-03 09:14:55	Rates	111210: The requested service is unavailable between the selected locations.	3813
2013-02-03 09:15:06	Rates	111210: The requested service is unavailable between the selected locations.	3813
2013-02-03 17:41:42	Rates	111285: The postal code 33301 is invalid for WY United States.	3816
2013-02-04 17:46:40	Rates	111285: The postal code 33704 is invalid for WY United States.	3817
2013-02-04 18:01:05	Rates	111210: The requested service is unavailable between the selected locations.	3817
2013-02-04 18:01:07	Rates	111210: The requested service is unavailable between the selected locations.	3817
2013-02-04 18:01:52	Rates	111210: The requested service is unavailable between the selected locations.	3817
2013-06-25 21:50:09	Rates	111210: The requested service is unavailable between the selected locations.	
2013-06-25 21:50:20	Rates	111286: ga is not a valid state for the specified shipment.	
2013-06-25 23:15:46	Rates	111210: The requested service is unavailable between the selected locations.	
2013-06-25 23:18:48	Rates	111210: The requested service is unavailable between the selected locations.	
2013-06-25 23:19:03	Rates	111286: missisipi is not a valid state for the specified shipment.	
2013-06-26 00:09:15	Rates	111286: ny is not a valid state for the specified shipment.	
2013-06-26 00:09:57	Rates	111286: ny is not a valid state for the specified shipment.	
2013-06-26 00:10:07	Rates	111286: ny is not a valid state for the specified shipment.	
2013-06-26 00:10:17	Rates	111286: ny is not a valid state for the specified shipment.	
2013-06-26 00:14:16	Rates	111286: fl is not a valid state for the specified shipment.	
2013-06-26 00:14:47	Rates	111286: fl is not a valid state for the specified shipment.	
2013-06-26 00:15:17	Rates	111286: fl is not a valid state for the specified shipment.	
2013-06-26 00:15:25	Rates	111286: fl is not a valid state for the specified shipment.	
2013-06-26 00:19:51	Rates	111286: nj is not a valid state for the specified shipment.	
2013-06-26 00:20:23	Rates	111286: nj is not a valid state for the specified shipment.	
2013-06-26 00:21:05	Rates	111286: nj is not a valid state for the specified shipment.	
2013-06-26 00:21:14	Rates	111286: nj is not a valid state for the specified shipment.	
2013-06-26 00:22:58	Rates	111286: fl is not a valid state for the specified shipment.	
2013-06-26 00:23:18	Rates	111286: fl is not a valid state for the specified shipment.	
2013-06-26 12:58:01	Rates	111285: The postal code 44012 is invalid for FL United States.	2352
2013-06-26 14:19:04	Rates	111286: Fl is not a valid state for the specified shipment.	
2013-06-26 14:46:11	Rates	111286: Fl is not a valid state for the specified shipment.	
2013-06-26 14:47:32	Rates	111210: The requested service is unavailable between the selected locations.	
2013-06-26 14:47:56	Rates	111210: The requested service is unavailable between the selected locations.	
2013-06-26 14:48:02	Rates	111210: The requested service is unavailable between the selected locations.	
2013-06-26 14:48:04	Rates	111210: The requested service is unavailable between the selected locations.	
2013-06-26 14:51:44	Rates	111210: The requested service is unavailable between the selected locations.	
2013-06-26 14:52:10	Rates	111210: The requested service is unavailable between the selected locations.	
2013-06-26 14:52:33	Rates	111210: The requested service is unavailable between the selected locations.	
2013-06-26 14:52:46	Rates	111210: The requested service is unavailable between the selected locations.	
2013-06-26 14:52:50	Rates	111210: The requested service is unavailable between the selected locations.	
2013-06-26 14:52:52	Rates	111210: The requested service is unavailable between the selected locations.	
2013-06-26 14:53:07	Rates	111210: The requested service is unavailable between the selected locations.	
2013-06-26 14:53:11	Rates	111210: The requested service is unavailable between the selected locations.	
2013-06-26 14:53:19	Rates	111210: The requested service is unavailable between the selected locations.	
2013-06-26 14:53:23	Rates	111210: The requested service is unavailable between the selected locations.	
2013-06-26 14:53:27	Rates	111210: The requested service is unavailable between the selected locations.	
2013-06-26 14:57:09	Rates	111286: fl is not a valid state for the specified shipment.	
2013-06-26 15:27:22	Rates	111210: The requested service is unavailable between the selected locations.	
