[~] started /home/jupiterk/domains/jupiterkiteboarding.com/public_html/store/images
[!] ./../../
[=] ./../../
[+] ./../..//.htaccess
[=] ./../../pages
[+] ./../../pages/.htaccess
[=] ./../../pages/gallery
[=] ./../../pages/images
[=] ./../../pages/CSSFiles
[=] ./../../userfiles
[=] ./../../userfiles/image
[=] ./../../userfiles/image/Yolo
[=] ./../../userfiles/image/Yolo/2010
[=] ./../../userfiles/image/Crossbow2011
[=] ./../../userfiles/image/Liquid
[=] Force
[=] ./../../userfiles/image/Naish
[=] ./../../userfiles/image/Cabrinha
[=] ./../../userfiles/image/Cabrinha/2010
[=] ./../../userfiles/image/Aquapac
[=] ./../../_notes
[=] ./../../Scripts
[=] ./../../public_html
[+] ./../../public_html/.htaccess
[=] ./../../public_html/pages
[+] ./../../public_html/pages/.htaccess
[=] ./../../public_html/pages/gallery
[=] ./../../public_html/pages/CSSFiles
[=] ./../../public_html/userfiles
[=] ./../../public_html/userfiles/image
[=] ./../../public_html/userfiles/image/Yolo
[=] ./../../public_html/userfiles/image/Yolo/2010
[=] ./../../public_html/userfiles/image/Liquid
[=] Force
[=] ./../../public_html/userfiles/image/Naish
[=] ./../../public_html/userfiles/image/Cabrinha
[=] ./../../public_html/userfiles/image/Cabrinha/2010
[=] ./../../public_html/userfiles/image/Aquapac
[=] ./../../public_html/_notes
[=] ./../../public_html/Scripts
[=] ./../../public_html/css
[=] ./../../public_html/cgi-bin
[=] ./../../public_html/Gallery
[=] Photos
[=] ./../../public_html/JavascriptFiles
[=] ./../../public_html/SpryAssets
[=] ./../../public_html/store
[+] ./../../public_html/store/.htaccess
[=] ./../../public_html/store/userfiles
[=] ./../../public_html/store/userfiles/flash
[=] ./../../public_html/store/userfiles/image
[=] ./../../public_html/store/userfiles/media
[=] ./../../public_html/store/userfiles/file
[=] ./../../public_html/store/includes
[+] ./../../public_html/store/includes/.htaccess
[=] ./../../public_html/store/includes/languages
[+] ./../../public_html/store/includes/languages/.htaccess
[=] ./../../public_html/store/includes/languages/_notes
[=] ./../../public_html/store/includes/languages/english
[+] ./../../public_html/store/includes/languages/english/.htaccess
[=] ./../../public_html/store/includes/languages/english/modules
[=] ./../../public_html/store/includes/languages/english/modules/shipping
[+] ./../../public_html/store/includes/languages/english/modules/shipping/.htaccess
[=] ./../../public_html/store/includes/languages/english/modules/sts
[+] ./../../public_html/store/includes/languages/english/modules/sts/.htaccess
[=] ./../../public_html/store/includes/languages/english/modules/order_total
[+] ./../../public_html/store/includes/languages/english/modules/order_total/.htaccess
[=] ./../../public_html/store/includes/languages/english/modules/payment
[+] ./../../public_html/store/includes/languages/english/modules/payment/.htaccess
[=] ./../../public_html/store/includes/languages/english/images
[=] ./../../public_html/store/includes/languages/english/images/buttons
[=] ./../../public_html/store/includes/languages/german
[+] ./../../public_html/store/includes/languages/german/.htaccess
[=] ./../../public_html/store/includes/languages/german/modules
[=] ./../../public_html/store/includes/languages/german/modules/shipping
[+] ./../../public_html/store/includes/languages/german/modules/shipping/.htaccess
[=] ./../../public_html/store/includes/languages/german/modules/sts
[+] ./../../public_html/store/includes/languages/german/modules/sts/.htaccess
[=] ./../../public_html/store/includes/languages/german/modules/order_total
[+] ./../../public_html/store/includes/languages/german/modules/order_total/.htaccess
[=] ./../../public_html/store/includes/languages/german/modules/payment
[+] ./../../public_html/store/includes/languages/german/modules/payment/.htaccess
[=] ./../../public_html/store/includes/languages/german/images
[=] ./../../public_html/store/includes/languages/german/images/buttons
[=] ./../../public_html/store/includes/languages/espanol
[+] ./../../public_html/store/includes/languages/espanol/.htaccess
[=] ./../../public_html/store/includes/languages/espanol/modules
[=] ./../../public_html/store/includes/languages/espanol/modules/shipping
[+] ./../../public_html/store/includes/languages/espanol/modules/shipping/.htaccess
[=] ./../../public_html/store/includes/languages/espanol/modules/sts
[+] ./../../public_html/store/includes/languages/espanol/modules/sts/.htaccess
[=] ./../../public_html/store/includes/languages/espanol/modules/order_total
[+] ./../../public_html/store/includes/languages/espanol/modules/order_total/.htaccess
[=] ./../../public_html/store/includes/languages/espanol/modules/payment
[+] ./../../public_html/store/includes/languages/espanol/modules/payment/.htaccess
[=] ./../../public_html/store/includes/languages/espanol/images
[=] ./../../public_html/store/includes/languages/espanol/images/buttons
[=] ./../../public_html/store/includes/_notes
[=] ./../../public_html/store/includes/functions
[+] ./../../public_html/store/includes/functions/.htaccess
[=] ./../../public_html/store/includes/boxes
[+] ./../../public_html/store/includes/boxes/.htaccess
[=] ./../../public_html/store/includes/boxes/_notes
[=] ./../../public_html/store/includes/classes
[+] ./../../public_html/store/includes/classes/.htaccess
[=] ./../../public_html/store/includes/classes/_notes
[=] ./../../public_html/store/includes/local
[=] ./../../public_html/store/includes/modules
[+] ./../../public_html/store/includes/modules/.htaccess
[=] ./../../public_html/store/includes/modules/shipping
[+] ./../../public_html/store/includes/modules/shipping/.htaccess
[=] ./../../public_html/store/includes/modules/shipping/_notes
[=] ./../../public_html/store/includes/modules/_notes
[=] ./../../public_html/store/includes/modules/sts
[+] ./../../public_html/store/includes/modules/sts/.htaccess
[=] ./../../public_html/store/includes/modules/order_total
[+] ./../../public_html/store/includes/modules/order_total/.htaccess
[=] ./../../public_html/store/includes/modules/order_total/_notes
[=] ./../../public_html/store/includes/modules/email
[+] ./../../public_html/store/includes/modules/email/.htaccess
[=] ./../../public_html/store/includes/modules/payment
[+] ./../../public_html/store/includes/modules/payment/.htaccess
[=] ./../../public_html/store/includes/modules/payment/_notes
[=] ./../../public_html/store/includes/modules/sts_inc
[+] ./../../public_html/store/includes/modules/sts_inc/.htaccess
[=] ./../../public_html/store/includes/sts_templates
[=] ./../../public_html/store/includes/sts_templates/white-blue
[+] ./../../public_html/store/includes/sts_templates/white-blue/.htaccess
[=] ./../../public_html/store/includes/sts_templates/white-blue/boxes
[+] ./../../public_html/store/includes/sts_templates/white-blue/boxes/.htaccess
[=] ./../../public_html/store/includes/sts_templates/white-blue/images
[=] ./../../public_html/store/includes/sts_templates/white-blue/images/box
[=] ./../../public_html/store/includes/sts_templates/test
[+] ./../../public_html/store/includes/sts_templates/test/.htaccess
[=] ./../../public_html/store/includes/sts_templates/black-blue
[+] ./../../public_html/store/includes/sts_templates/black-blue/.htaccess
[=] ./../../public_html/store/includes/sts_templates/black-blue/boxes
[+] ./../../public_html/store/includes/sts_templates/black-blue/boxes/.htaccess
[=] ./../../public_html/store/includes/sts_templates/black-blue/images
[=] ./../../public_html/store/includes/sts_templates/black-blue/images/box
[=] ./../../public_html/store/includes/sts_templates/black-blue/images/english
[=] ./../../public_html/store/includes/sts_templates/black-blue/images/english/buttons
[=] ./../../public_html/store/includes/sts_templates/black-blue/images/german
[=] ./../../public_html/store/includes/sts_templates/black-blue/images/german/buttons
[=] ./../../public_html/store/includes/sts_templates/black-blue/images/espanol
[=] ./../../public_html/store/includes/sts_templates/black-blue/images/espanol/buttons
[=] ./../../public_html/store/includes/sts_templates/xp-black-blue
[+] ./../../public_html/store/includes/sts_templates/xp-black-blue/.htaccess
[=] ./../../public_html/store/includes/sts_templates/xp-black-blue/boxes
[+] ./../../public_html/store/includes/sts_templates/xp-black-blue/boxes/.htaccess
[=] ./../../public_html/store/includes/sts_templates/xp-black-blue/images
[=] ./../../public_html/store/includes/sts_templates/xp-black-blue/images/box
[=] ./../../public_html/store/includes/sts_templates/xp-black-blue/images/english
[=] ./../../public_html/store/includes/sts_templates/xp-black-blue/images/english/buttons
[=] ./../../public_html/store/includes/sts_templates/xp-black-blue/images/german
[=] ./../../public_html/store/includes/sts_templates/xp-black-blue/images/german/buttons
[=] ./../../public_html/store/includes/sts_templates/xp-black-blue/images/espanol
[=] ./../../public_html/store/includes/sts_templates/xp-black-blue/images/espanol/buttons
[=] ./../../public_html/store/includes/sts_templates/GG9
[+] ./../../public_html/store/includes/sts_templates/GG9/.htaccess
[=] ./../../public_html/store/includes/sts_templates/GG9/boxes
[+] ./../../public_html/store/includes/sts_templates/GG9/boxes/.htaccess
[=] ./../../public_html/store/includes/sts_templates/GG9/images
[=] ./../../public_html/store/includes/sts_templates/GG9/images/english
[=] ./../../public_html/store/includes/sts_templates/GG9/images/english/buttons
[=] ./../../public_html/store/includes/sts_templates/GG9/images/template
[=] ./../../public_html/store/includes/sts_templates/GG9/images/template/box
[=] ./../../public_html/store/includes/sts_templates/GG9/images/template/btbox
[=] ./../../public_html/store/includes/sts_templates/GG9/content
[=] ./../../public_html/store/includes/sts_templates/full
[+] ./../../public_html/store/includes/sts_templates/full/.htaccess
[=] ./../../public_html/store/includes/sts_templates/full/boxes
[+] ./../../public_html/store/includes/sts_templates/full/boxes/.htaccess
[=] ./../../public_html/store/includes/sts_templates/full/content
[+] ./../../public_html/store/includes/sts_templates/full/content/.htaccess
[=] ./../../public_html/store/includes/sts_templates/xp-white-blue
[+] ./../../public_html/store/includes/sts_templates/xp-white-blue/.htaccess
[=] ./../../public_html/store/includes/sts_templates/xp-white-blue/boxes
[+] ./../../public_html/store/includes/sts_templates/xp-white-blue/boxes/.htaccess
[=] ./../../public_html/store/includes/sts_templates/xp-white-blue/images
[=] ./../../public_html/store/includes/sts_templates/xp-white-blue/images/box
[=] ./../../public_html/store/includes/sts_templates/xp-white-blue/images/english
[=] ./../../public_html/store/includes/sts_templates/xp-white-blue/images/english/buttons
[=] ./../../public_html/store/includes/sts_templates/xp-white-blue/images/german
[=] ./../../public_html/store/includes/sts_templates/xp-white-blue/images/german/buttons
[=] ./../../public_html/store/includes/sts_templates/xp-white-blue/images/espanol
[=] ./../../public_html/store/includes/sts_templates/xp-white-blue/images/espanol/buttons
[=] ./../../public_html/store/includes/sts_templates/gold
[+] ./../../public_html/store/includes/sts_templates/gold/.htaccess
[=] ./../../public_html/store/includes/sts_templates/gold/boxes
[+] ./../../public_html/store/includes/sts_templates/gold/boxes/.htaccess
[=] ./../../public_html/store/includes/sts_templates/gold/images
[=] ./../../public_html/store/includes/sts_templates/gold/images/english
[=] ./../../public_html/store/includes/sts_templates/gold/images/english/buttons
[=] ./../../public_html/store/includes/sts_templates/gold/images/german
[=] ./../../public_html/store/includes/sts_templates/gold/images/german/buttons
[=] ./../../public_html/store/includes/sts_templates/gold/images/espanol
[=] ./../../public_html/store/includes/sts_templates/gold/images/espanol/buttons
[=] ./../../public_html/store/languages
[=] ./../../public_html/store/languages/english
[=] ./../../public_html/store/languages/english/modules
[=] ./../../public_html/store/languages/english/modules/payment
[+] ./../../public_html/store/languages/english/modules/payment/.htaccess
[=] ./../../public_html/store/tmp
[=] ./../../public_html/store/pub
[=] ./../../public_html/store/ext
[=] ./../../public_html/store/ext/modules
[=] ./../../public_html/store/ext/modules/payment
[=] ./../../public_html/store/ext/modules/payment/paypal
[+] ./../../public_html/store/ext/modules/payment/paypal/.htaccess
[=] ./../../public_html/store/ext/modules/payment/paypal/images
[=] ./../../public_html/store/ext/modules/payment/chronopay
[+] ./../../public_html/store/ext/modules/payment/chronopay/.htaccess
[=] ./../../public_html/store/ext/modules/payment/worldpay
[+] ./../../public_html/store/ext/modules/payment/worldpay/.htaccess
[=] ./../../public_html/store/ext/modules/payment/sofortueberweisung
[+] ./../../public_html/store/ext/modules/payment/sofortueberweisung/.htaccess
[=] ./../../public_html/store/ext/modules/payment/sofortueberweisung/images
[=] ./../../public_html/store/js
[=] ./../../public_html/store/admin
[+] ./../../public_html/store/admin/.htaccess
[=] ./../../public_html/store/admin/includes
[+] ./../../public_html/store/admin/includes/.htaccess
[=] ./../../public_html/store/admin/includes/languages
[+] ./../../public_html/store/admin/includes/languages/.htaccess
[=] ./../../public_html/store/admin/includes/languages/_notes
[=] ./../../public_html/store/admin/includes/languages/english
[+] ./../../public_html/store/admin/includes/languages/english/.htaccess
[=] ./../../public_html/store/admin/includes/languages/english/modules
[=] ./../../public_html/store/admin/includes/languages/english/modules/index
[+] ./../../public_html/store/admin/includes/languages/english/modules/index/.htaccess
[=] ./../../public_html/store/admin/includes/languages/english/modules/newsletters
[+] ./../../public_html/store/admin/includes/languages/english/modules/newsletters/.htaccess
[=] ./../../public_html/store/admin/includes/languages/english/images
[=] ./../../public_html/store/admin/includes/languages/english/images/buttons
[=] ./../../public_html/store/admin/includes/languages/german
[+] ./../../public_html/store/admin/includes/languages/german/.htaccess
[=] ./../../public_html/store/admin/includes/languages/german/modules
[=] ./../../public_html/store/admin/includes/languages/german/modules/index
[+] ./../../public_html/store/admin/includes/languages/german/modules/index/.htaccess
[=] ./../../public_html/store/admin/includes/languages/german/modules/newsletters
[+] ./../../public_html/store/admin/includes/languages/german/modules/newsletters/.htaccess
[=] ./../../public_html/store/admin/includes/languages/german/images
[=] ./../../public_html/store/admin/includes/languages/german/images/buttons
[=] ./../../public_html/store/admin/includes/languages/espanol
[+] ./../../public_html/store/admin/includes/languages/espanol/.htaccess
[=] ./../../public_html/store/admin/includes/languages/espanol/modules
[=] ./../../public_html/store/admin/includes/languages/espanol/modules/index
[+] ./../../public_html/store/admin/includes/languages/espanol/modules/index/.htaccess
[=] ./../../public_html/store/admin/includes/languages/espanol/modules/newsletters
[+] ./../../public_html/store/admin/includes/languages/espanol/modules/newsletters/.htaccess
[=] ./../../public_html/store/admin/includes/languages/espanol/images
[=] ./../../public_html/store/admin/includes/languages/espanol/images/buttons
[=] ./../../public_html/store/admin/includes/_notes
[=] ./../../public_html/store/admin/includes/functions
[+] ./../../public_html/store/admin/includes/functions/.htaccess
[=] ./../../public_html/store/admin/includes/boxes
[+] ./../../public_html/store/admin/includes/boxes/.htaccess
[=] ./../../public_html/store/admin/includes/javascript
[=] ./../../public_html/store/admin/includes/javascript/spiffyCal
[=] ./../../public_html/store/admin/includes/javascript/spiffyCal/images
[=] ./../../public_html/store/admin/includes/graphs
[+] ./../../public_html/store/admin/includes/graphs/.htaccess
[=] ./../../public_html/store/admin/includes/classes
[+] ./../../public_html/store/admin/includes/classes/.htaccess
[=] ./../../public_html/store/admin/includes/classes/_notes
[=] ./../../public_html/store/admin/includes/local
[=] ./../../public_html/store/admin/includes/modules
[+] ./../../public_html/store/admin/includes/modules/.htaccess
[=] ./../../public_html/store/admin/includes/modules/index
[+] ./../../public_html/store/admin/includes/modules/index/.htaccess
[=] ./../../public_html/store/admin/includes/modules/batch_print
[+] ./../../public_html/store/admin/includes/modules/batch_print/.htaccess
[=] ./../../public_html/store/admin/includes/modules/batch_print/templates
[+] ./../../public_html/store/admin/includes/modules/batch_print/templates/.htaccess
[=] ./../../public_html/store/admin/includes/modules/batch_print/_notes
[=] ./../../public_html/store/admin/includes/modules/batch_print/temp_pdf
[=] ./../../public_html/store/admin/includes/modules/email
[+] ./../../public_html/store/admin/includes/modules/email/.htaccess
[=] ./../../public_html/store/admin/includes/modules/newsletters
[+] ./../../public_html/store/admin/includes/modules/newsletters/.htaccess
[=] ./../../public_html/store/admin/PSD
[=] button
[=] ./../../public_html/store/admin/_notes
[=] ./../../public_html/store/admin/help
[+] ./../../public_html/store/admin/help/.htaccess
[=] ./../../public_html/store/admin/help/Recently-viewed_files
[=] ./../../public_html/store/admin/help/ship-pay-mods
[+] ./../../public_html/store/admin/help/ship-pay-mods/.htaccess
[=] ./../../public_html/store/admin/help/downloads_files
[=] ./../../public_html/store/admin/help/documentation
[+] ./../../public_html/store/admin/help/documentation/.htaccess
[=] ./../../public_html/store/admin/help/sts
[=] doc
[=] ./../../public_html/store/admin/help/sts
[=] doc/images
[=] ./../../public_html/store/admin/help/Security-Pro_files
[=] ./../../public_html/store/admin/backups
[=] ./../../public_html/store/admin/javascript
[=] ./../../public_html/store/admin/javascript/tab
[=] ./../../public_html/store/admin/javascript/ajax
[=] ./../../public_html/store/admin/javascript/table
[=] ./../../public_html/store/admin/javascript/png
[=] ./../../public_html/store/admin/ext
[=] ./../../public_html/store/admin/ext/modules
[=] ./../../public_html/store/admin/ext/modules/payment
[=] ./../../public_html/store/admin/ext/modules/payment/sofortueberweisung
[+] ./../../public_html/store/admin/ext/modules/payment/sofortueberweisung/.htaccess
[=] ./../../public_html/store/admin/order_editor
[+] ./../../public_html/store/admin/order_editor/.htaccess
[=] ./../../public_html/store/admin/order_editor/images
[=] ./../../public_html/store/admin/order_editor/images/_notes
[=] ./../../public_html/store/admin/images
[=] ./../../public_html/store/admin/images/icons
[=] ./../../public_html/store/admin/images/icons/tpl
[=] ./../../public_html/store/admin/images/graphs
[=] ./../../public_html/store/admin/images/categories
[=] ./../../public_html/store/admin/images/tpl
[=] ./../../public_html/store/admin/fckeditor
[+] ./../../public_html/store/admin/fckeditor/.htaccess
[=] ./../../public_html/store/admin/fckeditor/editor
[+] ./../../public_html/store/admin/fckeditor/editor/.htaccess
[=] ./../../public_html/store/admin/fckeditor/editor/skins
[+] ./../../public_html/store/admin/fckeditor/editor/skins/.htaccess
[=] ./../../public_html/store/admin/fckeditor/editor/skins/office2003
[=] ./../../public_html/store/admin/fckeditor/editor/skins/office2003/images
[=] ./../../public_html/store/admin/fckeditor/editor/skins/default
[=] ./../../public_html/store/admin/fckeditor/editor/skins/default/images
[=] ./../../public_html/store/admin/fckeditor/editor/skins/silver
[=] ./../../public_html/store/admin/fckeditor/editor/skins/silver/images
[=] ./../../public_html/store/admin/fckeditor/editor/dtd
[+] ./../../public_html/store/admin/fckeditor/editor/dtd/.htaccess
[=] ./../../public_html/store/admin/fckeditor/editor/css
[=] ./../../public_html/store/admin/fckeditor/editor/css/behaviors
[=] ./../../public_html/store/admin/fckeditor/editor/css/images
[=] ./../../public_html/store/admin/fckeditor/editor/dialog
[+] ./../../public_html/store/admin/fckeditor/editor/dialog/.htaccess
[=] ./../../public_html/store/admin/fckeditor/editor/dialog/fck_template
[=] ./../../public_html/store/admin/fckeditor/editor/dialog/fck_template/images
[=] ./../../public_html/store/admin/fckeditor/editor/dialog/fck_image
[+] ./../../public_html/store/admin/fckeditor/editor/dialog/fck_image/.htaccess
[=] ./../../public_html/store/admin/fckeditor/editor/dialog/fck_flash
[+] ./../../public_html/store/admin/fckeditor/editor/dialog/fck_flash/.htaccess
[=] ./../../public_html/store/admin/fckeditor/editor/dialog/common
[=] ./../../public_html/store/admin/fckeditor/editor/dialog/common/images
[=] ./../../public_html/store/admin/fckeditor/editor/dialog/fck_docprops
[+] ./../../public_html/store/admin/fckeditor/editor/dialog/fck_docprops/.htaccess
[=] ./../../public_html/store/admin/fckeditor/editor/dialog/fck_select
[=] ./../../public_html/store/admin/fckeditor/editor/dialog/fck_link
[=] ./../../public_html/store/admin/fckeditor/editor/dialog/fck_about
[=] ./../../public_html/store/admin/fckeditor/editor/dialog/fck_about/sponsors
[=] ./../../public_html/store/admin/fckeditor/editor/dialog/fck_spellerpages
[=] ./../../public_html/store/admin/fckeditor/editor/dialog/fck_spellerpages/spellerpages
[+] ./../../public_html/store/admin/fckeditor/editor/dialog/fck_spellerpages/spellerpages/.htaccess
[=] ./../../public_html/store/admin/fckeditor/editor/dialog/fck_spellerpages/spellerpages/server-scripts
[+] ./../../public_html/store/admin/fckeditor/editor/dialog/fck_spellerpages/spellerpages/server-scripts/.htaccess
[=] ./../../public_html/store/admin/fckeditor/editor/plugins
[=] ./../../public_html/store/admin/fckeditor/editor/plugins/simplecommands
[=] ./../../public_html/store/admin/fckeditor/editor/plugins/bbcode
[=] ./../../public_html/store/admin/fckeditor/editor/plugins/bbcode/_sample
[+] ./../../public_html/store/admin/fckeditor/editor/plugins/bbcode/_sample/.htaccess
[=] ./../../public_html/store/admin/fckeditor/editor/plugins/autogrow
[=] ./../../public_html/store/admin/fckeditor/editor/plugins/tablecommands
[=] ./../../public_html/store/admin/fckeditor/editor/plugins/placeholder
[+] ./../../public_html/store/admin/fckeditor/editor/plugins/placeholder/.htaccess
[=] ./../../public_html/store/admin/fckeditor/editor/plugins/placeholder/lang
[=] ./../../public_html/store/admin/fckeditor/editor/plugins/dragresizetable
[=] ./../../public_html/store/admin/fckeditor/editor/js
[=] ./../../public_html/store/admin/fckeditor/editor/filemanager
[=] ./../../public_html/store/admin/fckeditor/editor/filemanager/browser
[=] ./../../public_html/store/admin/fckeditor/editor/filemanager/browser/default
[+] ./../../public_html/store/admin/fckeditor/editor/filemanager/browser/default/.htaccess
[=] ./../../public_html/store/admin/fckeditor/editor/filemanager/browser/default/js
[=] ./../../public_html/store/admin/fckeditor/editor/filemanager/browser/default/images
[=] ./../../public_html/store/admin/fckeditor/editor/filemanager/browser/default/images/icons
[=] ./../../public_html/store/admin/fckeditor/editor/filemanager/browser/default/images/icons/32
[=] ./../../public_html/store/admin/fckeditor/editor/filemanager/connectors
[+] ./../../public_html/store/admin/fckeditor/editor/filemanager/connectors/.htaccess
[=] ./../../public_html/store/admin/fckeditor/editor/filemanager/connectors/php
[+] ./../../public_html/store/admin/fckeditor/editor/filemanager/connectors/php/.htaccess
[=] ./../../public_html/store/admin/fckeditor/editor/images
[=] ./../../public_html/store/admin/fckeditor/editor/images/smiley
[=] ./../../public_html/store/admin/fckeditor/editor/images/smiley/msn
[=] ./../../public_html/store/admin/fckeditor/editor/lang
[=] ./../../public_html/store/admin/fckeditor/editor/wsc
[+] ./../../public_html/store/admin/fckeditor/editor/wsc/.htaccess
[=] ./../../public_html/store/admin/fckeditor/editor/_source
[=] ./../../public_html/store/admin/fckeditor/editor/_source/commandclasses
[=] ./../../public_html/store/admin/fckeditor/editor/_source/classes
[+] ./../../public_html/store/admin/fckeditor/editor/_source/classes/.htaccess
[=] ./../../public_html/store/admin/fckeditor/editor/_source/internals
[+] ./../../public_html/store/admin/fckeditor/editor/_source/internals/.htaccess
[=] ./../../public_html/store/password_list
[+] ./../../public_html/store/password_list/.htaccess
[=] ./../../public_html/store/images
[+] ./../../public_html/store/images/.htaccess
[=] ./../../public_html/store/images/icons
[=] ./../../public_html/store/images/banners
[=] ./../../public_html/store/images/File
[=] ./../../public_html/store/images/ads
[=] ./../../public_html/store/images/Image
[=] ./../../public_html/store/images/Image/used
[=] kites
[=] ./../../public_html/store/images/Image/images
[=] ./../../public_html/store/images/infobox
[=] ./../../public_html/store/download
[=] ./../../public_html/images
[+] ./../../public_html/images/.htaccess
[=] ./../../public_html/images/header
[=] ./../../public_html/images/header/Christmas
[=] Headers
[=] ./../../public_html/images/header/kite
[=] wake
[=] paddle
[=] ./../../public_html/images/header/kite
[=] wake
[=] paddle/wake
[=] ./../../public_html/images/header/kite
[=] wake
[=] paddle/paddle
[=] ./../../public_html/images/PaddleBlock
[=] ./../../public_html/images/icons
[=] ./../../public_html/images/banners
[=] ./../../public_html/images/graphs
[=] ./../../public_html/images/ads
[=] ./../../public_html/images/infobox
[=] ./../../public_html/images/Shapers
[=] ./../../public_html/CSSFiles
[=] ./../../public_html/Templates
[+] ./../../public_html/Templates/.htaccess
[=] ./../../public_html/catalog
[=] ./../../public_html/catalog/googlesitemap
[+] ./../../public_html/catalog/googlesitemap/.htaccess
[=] ./../../css
[=] ./../../cgi-bin
[=] ./../../Gallery
[=] Photos
[=] ./../../JavascriptFiles
[=] ./../../SpryAssets
[=] ./../../store
[+] ./../../store/.htaccess
[=] ./../../store/userfiles
[=] ./../../store/userfiles/flash
[=] ./../../store/userfiles/image
[=] ./../../store/userfiles/media
[=] ./../../store/userfiles/file
[=] ./../../store/includes
[+] ./../../store/includes/.htaccess
[=] ./../../store/includes/languages
[+] ./../../store/includes/languages/.htaccess
[=] ./../../store/includes/languages/_notes
[=] ./../../store/includes/languages/english
[+] ./../../store/includes/languages/english/.htaccess
[=] ./../../store/includes/languages/english/modules
[=] ./../../store/includes/languages/english/modules/shipping
[+] ./../../store/includes/languages/english/modules/shipping/.htaccess
[=] ./../../store/includes/languages/english/modules/sts
[+] ./../../store/includes/languages/english/modules/sts/.htaccess
[=] ./../../store/includes/languages/english/modules/order_total
[+] ./../../store/includes/languages/english/modules/order_total/.htaccess
[=] ./../../store/includes/languages/english/modules/payment
[+] ./../../store/includes/languages/english/modules/payment/.htaccess
[=] ./../../store/includes/languages/english/images
[=] ./../../store/includes/languages/english/images/buttons
[=] ./../../store/includes/languages/german
[+] ./../../store/includes/languages/german/.htaccess
[=] ./../../store/includes/languages/german/modules
[=] ./../../store/includes/languages/german/modules/shipping
[+] ./../../store/includes/languages/german/modules/shipping/.htaccess
[=] ./../../store/includes/languages/german/modules/sts
[+] ./../../store/includes/languages/german/modules/sts/.htaccess
[=] ./../../store/includes/languages/german/modules/order_total
[+] ./../../store/includes/languages/german/modules/order_total/.htaccess
[=] ./../../store/includes/languages/german/modules/payment
[+] ./../../store/includes/languages/german/modules/payment/.htaccess
[=] ./../../store/includes/languages/german/images
[=] ./../../store/includes/languages/german/images/buttons
[=] ./../../store/includes/languages/espanol
[+] ./../../store/includes/languages/espanol/.htaccess
[=] ./../../store/includes/languages/espanol/modules
[=] ./../../store/includes/languages/espanol/modules/shipping
[+] ./../../store/includes/languages/espanol/modules/shipping/.htaccess
[=] ./../../store/includes/languages/espanol/modules/sts
[+] ./../../store/includes/languages/espanol/modules/sts/.htaccess
[=] ./../../store/includes/languages/espanol/modules/order_total
[+] ./../../store/includes/languages/espanol/modules/order_total/.htaccess
[=] ./../../store/includes/languages/espanol/modules/payment
[+] ./../../store/includes/languages/espanol/modules/payment/.htaccess
[=] ./../../store/includes/languages/espanol/images
[=] ./../../store/includes/languages/espanol/images/buttons
[=] ./../../store/includes/_notes
[=] ./../../store/includes/functions
[+] ./../../store/includes/functions/.htaccess
[=] ./../../store/includes/boxes
[+] ./../../store/includes/boxes/.htaccess
[=] ./../../store/includes/boxes/_notes
[=] ./../../store/includes/classes
[+] ./../../store/includes/classes/.htaccess
[=] ./../../store/includes/classes/_notes
[=] ./../../store/includes/local
[=] ./../../store/includes/modules
[+] ./../../store/includes/modules/.htaccess
[=] ./../../store/includes/modules/shipping
[+] ./../../store/includes/modules/shipping/.htaccess
[=] ./../../store/includes/modules/shipping/_notes
[=] ./../../store/includes/modules/_notes
[=] ./../../store/includes/modules/sts
[+] ./../../store/includes/modules/sts/.htaccess
[=] ./../../store/includes/modules/order_total
[+] ./../../store/includes/modules/order_total/.htaccess
[=] ./../../store/includes/modules/order_total/_notes
[=] ./../../store/includes/modules/email
[+] ./../../store/includes/modules/email/.htaccess
[=] ./../../store/includes/modules/payment
[+] ./../../store/includes/modules/payment/.htaccess
[=] ./../../store/includes/modules/payment/_notes
[=] ./../../store/includes/modules/sts_inc
[+] ./../../store/includes/modules/sts_inc/.htaccess
[=] ./../../store/includes/sts_templates
[=] ./../../store/includes/sts_templates/white-blue
[+] ./../../store/includes/sts_templates/white-blue/.htaccess
[=] ./../../store/includes/sts_templates/white-blue/boxes
[+] ./../../store/includes/sts_templates/white-blue/boxes/.htaccess
[=] ./../../store/includes/sts_templates/white-blue/images
[=] ./../../store/includes/sts_templates/white-blue/images/box
[=] ./../../store/includes/sts_templates/test
[+] ./../../store/includes/sts_templates/test/.htaccess
[=] ./../../store/includes/sts_templates/black-blue
[+] ./../../store/includes/sts_templates/black-blue/.htaccess
[=] ./../../store/includes/sts_templates/black-blue/boxes
[+] ./../../store/includes/sts_templates/black-blue/boxes/.htaccess
[=] ./../../store/includes/sts_templates/black-blue/images
[=] ./../../store/includes/sts_templates/black-blue/images/box
[=] ./../../store/includes/sts_templates/black-blue/images/english
[=] ./../../store/includes/sts_templates/black-blue/images/english/buttons
[=] ./../../store/includes/sts_templates/black-blue/images/german
[=] ./../../store/includes/sts_templates/black-blue/images/german/buttons
[=] ./../../store/includes/sts_templates/black-blue/images/espanol
[=] ./../../store/includes/sts_templates/black-blue/images/espanol/buttons
[=] ./../../store/includes/sts_templates/xp-black-blue
[+] ./../../store/includes/sts_templates/xp-black-blue/.htaccess
[=] ./../../store/includes/sts_templates/xp-black-blue/boxes
[+] ./../../store/includes/sts_templates/xp-black-blue/boxes/.htaccess
[=] ./../../store/includes/sts_templates/xp-black-blue/images
[=] ./../../store/includes/sts_templates/xp-black-blue/images/box
[=] ./../../store/includes/sts_templates/xp-black-blue/images/english
[=] ./../../store/includes/sts_templates/xp-black-blue/images/english/buttons
[=] ./../../store/includes/sts_templates/xp-black-blue/images/german
[=] ./../../store/includes/sts_templates/xp-black-blue/images/german/buttons
[=] ./../../store/includes/sts_templates/xp-black-blue/images/espanol
[=] ./../../store/includes/sts_templates/xp-black-blue/images/espanol/buttons
[=] ./../../store/includes/sts_templates/GG9
[+] ./../../store/includes/sts_templates/GG9/.htaccess
[=] ./../../store/includes/sts_templates/GG9/boxes
[+] ./../../store/includes/sts_templates/GG9/boxes/.htaccess
[=] ./../../store/includes/sts_templates/GG9/images
[=] ./../../store/includes/sts_templates/GG9/images/english
[=] ./../../store/includes/sts_templates/GG9/images/english/buttons
[=] ./../../store/includes/sts_templates/GG9/images/template
[=] ./../../store/includes/sts_templates/GG9/images/template/box
[=] ./../../store/includes/sts_templates/GG9/images/template/btbox
[=] ./../../store/includes/sts_templates/GG9/content
[=] ./../../store/includes/sts_templates/full
[+] ./../../store/includes/sts_templates/full/.htaccess
[=] ./../../store/includes/sts_templates/full/boxes
[+] ./../../store/includes/sts_templates/full/boxes/.htaccess
[=] ./../../store/includes/sts_templates/full/content
[+] ./../../store/includes/sts_templates/full/content/.htaccess
[=] ./../../store/includes/sts_templates/xp-white-blue
[+] ./../../store/includes/sts_templates/xp-white-blue/.htaccess
[=] ./../../store/includes/sts_templates/xp-white-blue/boxes
[+] ./../../store/includes/sts_templates/xp-white-blue/boxes/.htaccess
[=] ./../../store/includes/sts_templates/xp-white-blue/images
[=] ./../../store/includes/sts_templates/xp-white-blue/images/box
[=] ./../../store/includes/sts_templates/xp-white-blue/images/english
[=] ./../../store/includes/sts_templates/xp-white-blue/images/english/buttons
[=] ./../../store/includes/sts_templates/xp-white-blue/images/german
[=] ./../../store/includes/sts_templates/xp-white-blue/images/german/buttons
[=] ./../../store/includes/sts_templates/xp-white-blue/images/espanol
[=] ./../../store/includes/sts_templates/xp-white-blue/images/espanol/buttons
[=] ./../../store/includes/sts_templates/gold
[+] ./../../store/includes/sts_templates/gold/.htaccess
[=] ./../../store/includes/sts_templates/gold/boxes
[+] ./../../store/includes/sts_templates/gold/boxes/.htaccess
[=] ./../../store/includes/sts_templates/gold/images
[=] ./../../store/includes/sts_templates/gold/images/english
[=] ./../../store/includes/sts_templates/gold/images/english/buttons
[=] ./../../store/includes/sts_templates/gold/images/german
[=] ./../../store/includes/sts_templates/gold/images/german/buttons
[=] ./../../store/includes/sts_templates/gold/images/espanol
[=] ./../../store/includes/sts_templates/gold/images/espanol/buttons
[=] ./../../store/languages
[=] ./../../store/languages/english
[=] ./../../store/languages/english/modules
[=] ./../../store/languages/english/modules/payment
[+] ./../../store/languages/english/modules/payment/.htaccess
[=] ./../../store/tmp
[=] ./../../store/pub
[=] ./../../store/ext
[=] ./../../store/ext/modules
[=] ./../../store/ext/modules/payment
[=] ./../../store/ext/modules/payment/paypal
[+] ./../../store/ext/modules/payment/paypal/.htaccess
[=] ./../../store/ext/modules/payment/paypal/images
[=] ./../../store/ext/modules/payment/chronopay
[+] ./../../store/ext/modules/payment/chronopay/.htaccess
[=] ./../../store/ext/modules/payment/worldpay
[+] ./../../store/ext/modules/payment/worldpay/.htaccess
[=] ./../../store/ext/modules/payment/sofortueberweisung
[+] ./../../store/ext/modules/payment/sofortueberweisung/.htaccess
[=] ./../../store/ext/modules/payment/sofortueberweisung/images
[=] ./../../store/js
[=] ./../../store/admin
[+] ./../../store/admin/.htaccess
[=] ./../../store/admin/includes
[+] ./../../store/admin/includes/.htaccess
[=] ./../../store/admin/includes/languages
[+] ./../../store/admin/includes/languages/.htaccess
[=] ./../../store/admin/includes/languages/_notes
[=] ./../../store/admin/includes/languages/english
[+] ./../../store/admin/includes/languages/english/.htaccess
[=] ./../../store/admin/includes/languages/english/modules
[=] ./../../store/admin/includes/languages/english/modules/index
[+] ./../../store/admin/includes/languages/english/modules/index/.htaccess
[=] ./../../store/admin/includes/languages/english/modules/newsletters
[+] ./../../store/admin/includes/languages/english/modules/newsletters/.htaccess
[=] ./../../store/admin/includes/languages/english/images
[=] ./../../store/admin/includes/languages/english/images/buttons
[=] ./../../store/admin/includes/languages/german
[+] ./../../store/admin/includes/languages/german/.htaccess
[=] ./../../store/admin/includes/languages/german/modules
[=] ./../../store/admin/includes/languages/german/modules/index
[+] ./../../store/admin/includes/languages/german/modules/index/.htaccess
[=] ./../../store/admin/includes/languages/german/modules/newsletters
[+] ./../../store/admin/includes/languages/german/modules/newsletters/.htaccess
[=] ./../../store/admin/includes/languages/german/images
[=] ./../../store/admin/includes/languages/german/images/buttons
[=] ./../../store/admin/includes/languages/espanol
[+] ./../../store/admin/includes/languages/espanol/.htaccess
[=] ./../../store/admin/includes/languages/espanol/modules
[=] ./../../store/admin/includes/languages/espanol/modules/index
[+] ./../../store/admin/includes/languages/espanol/modules/index/.htaccess
[=] ./../../store/admin/includes/languages/espanol/modules/newsletters
[+] ./../../store/admin/includes/languages/espanol/modules/newsletters/.htaccess
[=] ./../../store/admin/includes/languages/espanol/images
[=] ./../../store/admin/includes/languages/espanol/images/buttons
[=] ./../../store/admin/includes/_notes
[=] ./../../store/admin/includes/functions
[+] ./../../store/admin/includes/functions/.htaccess
[=] ./../../store/admin/includes/boxes
[+] ./../../store/admin/includes/boxes/.htaccess
[=] ./../../store/admin/includes/javascript
[=] ./../../store/admin/includes/javascript/spiffyCal
[=] ./../../store/admin/includes/javascript/spiffyCal/images
[=] ./../../store/admin/includes/graphs
[+] ./../../store/admin/includes/graphs/.htaccess
[=] ./../../store/admin/includes/classes
[+] ./../../store/admin/includes/classes/.htaccess
[=] ./../../store/admin/includes/classes/_notes
[=] ./../../store/admin/includes/local
[=] ./../../store/admin/includes/modules
[+] ./../../store/admin/includes/modules/.htaccess
[=] ./../../store/admin/includes/modules/index
[+] ./../../store/admin/includes/modules/index/.htaccess
[=] ./../../store/admin/includes/modules/batch_print
[+] ./../../store/admin/includes/modules/batch_print/.htaccess
[=] ./../../store/admin/includes/modules/batch_print/templates
[+] ./../../store/admin/includes/modules/batch_print/templates/.htaccess
[=] ./../../store/admin/includes/modules/batch_print/_notes
[=] ./../../store/admin/includes/modules/batch_print/temp_pdf
[=] ./../../store/admin/includes/modules/email
[+] ./../../store/admin/includes/modules/email/.htaccess
[=] ./../../store/admin/includes/modules/newsletters
[+] ./../../store/admin/includes/modules/newsletters/.htaccess
[=] ./../../store/admin/PSD
[=] button
[=] ./../../store/admin/_notes
[=] ./../../store/admin/help
[+] ./../../store/admin/help/.htaccess
[=] ./../../store/admin/help/Recently-viewed_files
[=] ./../../store/admin/help/ship-pay-mods
[+] ./../../store/admin/help/ship-pay-mods/.htaccess
[=] ./../../store/admin/help/downloads_files
[=] ./../../store/admin/help/documentation
[+] ./../../store/admin/help/documentation/.htaccess
[=] ./../../store/admin/help/sts
[=] doc
[=] ./../../store/admin/help/sts
[=] doc/images
[=] ./../../store/admin/help/Security-Pro_files
[=] ./../../store/admin/backups
[=] ./../../store/admin/javascript
[=] ./../../store/admin/javascript/tab
[=] ./../../store/admin/javascript/ajax
[=] ./../../store/admin/javascript/table
[=] ./../../store/admin/javascript/png
[=] ./../../store/admin/ext
[=] ./../../store/admin/ext/modules
[=] ./../../store/admin/ext/modules/payment
[=] ./../../store/admin/ext/modules/payment/sofortueberweisung
[+] ./../../store/admin/ext/modules/payment/sofortueberweisung/.htaccess
[=] ./../../store/admin/order_editor
[+] ./../../store/admin/order_editor/.htaccess
[=] ./../../store/admin/order_editor/images
[=] ./../../store/admin/order_editor/images/_notes
[=] ./../../store/admin/images
[+] ./../../store/admin/images/.htaccess
[=] ./../../store/admin/images/icons
[=] ./../../store/admin/images/icons/tpl
[=] ./../../store/admin/images/graphs
[=] ./../../store/admin/images/categories
[=] ./../../store/admin/images/tpl
[=] ./../../store/admin/feeds
[=] ./../../store/admin/fckeditor
[+] ./../../store/admin/fckeditor/.htaccess
[=] ./../../store/admin/fckeditor/editor
[+] ./../../store/admin/fckeditor/editor/.htaccess
[=] ./../../store/admin/fckeditor/editor/skins
[+] ./../../store/admin/fckeditor/editor/skins/.htaccess
[=] ./../../store/admin/fckeditor/editor/skins/office2003
[=] ./../../store/admin/fckeditor/editor/skins/office2003/images
[=] ./../../store/admin/fckeditor/editor/skins/default
[=] ./../../store/admin/fckeditor/editor/skins/default/images
[=] ./../../store/admin/fckeditor/editor/skins/silver
[=] ./../../store/admin/fckeditor/editor/skins/silver/images
[=] ./../../store/admin/fckeditor/editor/dtd
[+] ./../../store/admin/fckeditor/editor/dtd/.htaccess
[=] ./../../store/admin/fckeditor/editor/css
[=] ./../../store/admin/fckeditor/editor/css/behaviors
[=] ./../../store/admin/fckeditor/editor/css/images
[=] ./../../store/admin/fckeditor/editor/dialog
[+] ./../../store/admin/fckeditor/editor/dialog/.htaccess
[=] ./../../store/admin/fckeditor/editor/dialog/fck_template
[=] ./../../store/admin/fckeditor/editor/dialog/fck_template/images
[=] ./../../store/admin/fckeditor/editor/dialog/fck_image
[+] ./../../store/admin/fckeditor/editor/dialog/fck_image/.htaccess
[=] ./../../store/admin/fckeditor/editor/dialog/fck_flash
[+] ./../../store/admin/fckeditor/editor/dialog/fck_flash/.htaccess
[=] ./../../store/admin/fckeditor/editor/dialog/common
[=] ./../../store/admin/fckeditor/editor/dialog/common/images
[=] ./../../store/admin/fckeditor/editor/dialog/fck_docprops
[+] ./../../store/admin/fckeditor/editor/dialog/fck_docprops/.htaccess
[=] ./../../store/admin/fckeditor/editor/dialog/fck_select
[=] ./../../store/admin/fckeditor/editor/dialog/fck_link
[=] ./../../store/admin/fckeditor/editor/dialog/fck_about
[=] ./../../store/admin/fckeditor/editor/dialog/fck_about/sponsors
[=] ./../../store/admin/fckeditor/editor/dialog/fck_spellerpages
[=] ./../../store/admin/fckeditor/editor/dialog/fck_spellerpages/spellerpages
[+] ./../../store/admin/fckeditor/editor/dialog/fck_spellerpages/spellerpages/.htaccess
[=] ./../../store/admin/fckeditor/editor/dialog/fck_spellerpages/spellerpages/server-scripts
[+] ./../../store/admin/fckeditor/editor/dialog/fck_spellerpages/spellerpages/server-scripts/.htaccess
[=] ./../../store/admin/fckeditor/editor/plugins
[=] ./../../store/admin/fckeditor/editor/plugins/simplecommands
[=] ./../../store/admin/fckeditor/editor/plugins/bbcode
[=] ./../../store/admin/fckeditor/editor/plugins/bbcode/_sample
[+] ./../../store/admin/fckeditor/editor/plugins/bbcode/_sample/.htaccess
[=] ./../../store/admin/fckeditor/editor/plugins/autogrow
[=] ./../../store/admin/fckeditor/editor/plugins/tablecommands
[=] ./../../store/admin/fckeditor/editor/plugins/placeholder
[+] ./../../store/admin/fckeditor/editor/plugins/placeholder/.htaccess
[=] ./../../store/admin/fckeditor/editor/plugins/placeholder/lang
[=] ./../../store/admin/fckeditor/editor/plugins/dragresizetable
[=] ./../../store/admin/fckeditor/editor/js
[=] ./../../store/admin/fckeditor/editor/filemanager
[=] ./../../store/admin/fckeditor/editor/filemanager/browser
[=] ./../../store/admin/fckeditor/editor/filemanager/browser/default
[+] ./../../store/admin/fckeditor/editor/filemanager/browser/default/.htaccess
[=] ./../../store/admin/fckeditor/editor/filemanager/browser/default/js
[=] ./../../store/admin/fckeditor/editor/filemanager/browser/default/images
[=] ./../../store/admin/fckeditor/editor/filemanager/browser/default/images/icons
[=] ./../../store/admin/fckeditor/editor/filemanager/browser/default/images/icons/32
[=] ./../../store/admin/fckeditor/editor/filemanager/connectors
[+] ./../../store/admin/fckeditor/editor/filemanager/connectors/.htaccess
[=] ./../../store/admin/fckeditor/editor/filemanager/connectors/php
[+] ./../../store/admin/fckeditor/editor/filemanager/connectors/php/.htaccess
[=] ./../../store/admin/fckeditor/editor/images
[=] ./../../store/admin/fckeditor/editor/images/smiley
[=] ./../../store/admin/fckeditor/editor/images/smiley/msn
[=] ./../../store/admin/fckeditor/editor/lang
[=] ./../../store/admin/fckeditor/editor/wsc
[+] ./../../store/admin/fckeditor/editor/wsc/.htaccess
[=] ./../../store/admin/fckeditor/editor/_source
[=] ./../../store/admin/fckeditor/editor/_source/commandclasses
[=] ./../../store/admin/fckeditor/editor/_source/classes
[+] ./../../store/admin/fckeditor/editor/_source/classes/.htaccess
[=] ./../../store/admin/fckeditor/editor/_source/internals
[+] ./../../store/admin/fckeditor/editor/_source/internals/.htaccess
[=] ./../../store/password_list
[+] ./../../store/password_list/.htaccess
[=] ./../../store/images
[+] ./../../store/images/.htaccess
[=] ./../../store/images/icons
[=] ./../../store/images/banners
[=] ./../../store/images/File
[=] ./../../store/images/ads
[=] ./../../store/images/Image
[=] ./../../store/images/Image/used
[=] kites
[=] ./../../store/images/Image/images
[=] ./../../store/images/infobox
[=] ./../../store/googlesitemap
[+] ./../../store/googlesitemap/.htaccess
[=] ./../../store/catalog
[=] ./../../store/catalog/googlesitemap
[+] ./../../store/catalog/googlesitemap/.htaccess
[=] ./../../store/download
[=] ./../../images
[+] ./../../images/.htaccess
[=] ./../../images/header
[=] ./../../images/header/Christmas
[=] Headers
[=] ./../../images/header/KiteHeader
[=] ./../../images/header/kite
[=] wake
[=] paddle
[=] ./../../images/header/kite
[=] wake
[=] paddle/wake
[=] ./../../images/header/kite
[=] wake
[=] paddle/paddle
[=] ./../../images/PaddleBlock
[=] ./../../images/icons
[=] ./../../images/banners
[=] ./../../images/xmasheader_kite
[=] ./../../images/graphs
[=] ./../../images/ads
[=] ./../../images/Gallery
[=] Photos
[=] ./../../images/xmasheader_paddle
[=] ./../../images/infobox
[=] ./../../images/xmasheader_wake
[=] ./../../images/Shapers
[=] ./../../CSSFiles
[=] ./../../Templates
[+] ./../../Templates/.htaccess
[=] ./../../catalog
[=] ./../../catalog/googlesitemap
[+] ./../../catalog/googlesitemap/.htaccess
[=] ./../../Copy
[=] of
[=] pages
[=] ./../../Copy
[=] of
[=] pages/CSSFiles
